2020-09-21 11:05:30,937 INFO 71558 [Timer] /Users/didi/GitHub/eggjs/node_modules/egg-multipart/app/schedule/clean_tmpdir.js next time will execute after 62669066ms at 2020-09-22 04:30:00.003
2020-09-21 11:05:30,937 INFO 71558 [Timer] /Users/didi/GitHub/eggjs/node_modules/egg-logrotator/app/schedule/clean_log.js next time will execute after 46469063ms at 2020-09-22 00:00:00.000
2020-09-21 11:05:30,937 INFO 71558 [Timer] /Users/didi/GitHub/eggjs/node_modules/egg-logrotator/app/schedule/rotate_by_file.js next time will execute after 46470063ms at 2020-09-22 00:00:01.000
2020-09-21 11:05:30,806 INFO 71560 [egg-schedule]: register schedule /Users/didi/GitHub/eggjs/node_modules/egg-multipart/app/schedule/clean_tmpdir.js
2020-09-21 11:05:30,806 INFO 71560 [egg-schedule]: register schedule /Users/didi/GitHub/eggjs/node_modules/egg-logrotator/app/schedule/clean_log.js
2020-09-21 11:05:30,806 INFO 71560 [egg-schedule]: register schedule /Users/didi/GitHub/eggjs/node_modules/egg-logrotator/app/schedule/rotate_by_file.js
2020-09-21 11:09:11,741 INFO 72103 [egg-schedule]: register schedule /Users/didi/GitHub/eggjs/node_modules/egg-multipart/app/schedule/clean_tmpdir.js
2020-09-21 11:09:11,741 INFO 72103 [egg-schedule]: register schedule /Users/didi/GitHub/eggjs/node_modules/egg-logrotator/app/schedule/clean_log.js
2020-09-21 11:09:11,741 INFO 72103 [egg-schedule]: register schedule /Users/didi/GitHub/eggjs/node_modules/egg-logrotator/app/schedule/rotate_by_file.js
2020-09-21 11:09:37,677 INFO 72128 [egg-schedule]: register schedule /Users/didi/GitHub/eggjs/node_modules/egg-multipart/app/schedule/clean_tmpdir.js
2020-09-21 11:09:37,677 INFO 72128 [egg-schedule]: register schedule /Users/didi/GitHub/eggjs/node_modules/egg-logrotator/app/schedule/clean_log.js
2020-09-21 11:09:37,677 INFO 72128 [egg-schedule]: register schedule /Users/didi/GitHub/eggjs/node_modules/egg-logrotator/app/schedule/rotate_by_file.js
2020-09-21 11:09:38,303 INFO 72130 [egg-schedule]: register schedule /Users/didi/GitHub/eggjs/node_modules/egg-multipart/app/schedule/clean_tmpdir.js
2020-09-21 11:09:38,303 INFO 72130 [egg-schedule]: register schedule /Users/didi/GitHub/eggjs/node_modules/egg-logrotator/app/schedule/clean_log.js
2020-09-21 11:09:38,303 INFO 72130 [egg-schedule]: register schedule /Users/didi/GitHub/eggjs/node_modules/egg-logrotator/app/schedule/rotate_by_file.js
2020-09-21 11:10:42,443 INFO 72192 [egg-schedule]: register schedule /Users/didi/GitHub/eggjs/node_modules/egg-multipart/app/schedule/clean_tmpdir.js
2020-09-21 11:10:42,443 INFO 72192 [egg-schedule]: register schedule /Users/didi/GitHub/eggjs/node_modules/egg-logrotator/app/schedule/clean_log.js
2020-09-21 11:10:42,443 INFO 72192 [egg-schedule]: register schedule /Users/didi/GitHub/eggjs/node_modules/egg-logrotator/app/schedule/rotate_by_file.js
2020-09-21 11:16:19,368 INFO 72562 [egg-schedule]: register schedule /Users/didi/GitHub/eggjs/node_modules/egg-multipart/app/schedule/clean_tmpdir.js
2020-09-21 11:16:19,368 INFO 72562 [egg-schedule]: register schedule /Users/didi/GitHub/eggjs/node_modules/egg-logrotator/app/schedule/clean_log.js
2020-09-21 11:16:19,368 INFO 72562 [egg-schedule]: register schedule /Users/didi/GitHub/eggjs/node_modules/egg-logrotator/app/schedule/rotate_by_file.js
2020-09-21 11:17:51,739 INFO 72651 [egg-schedule]: register schedule /Users/didi/GitHub/eggjs/node_modules/egg-multipart/app/schedule/clean_tmpdir.js
2020-09-21 11:17:51,739 INFO 72651 [egg-schedule]: register schedule /Users/didi/GitHub/eggjs/node_modules/egg-logrotator/app/schedule/clean_log.js
2020-09-21 11:17:51,739 INFO 72651 [egg-schedule]: register schedule /Users/didi/GitHub/eggjs/node_modules/egg-logrotator/app/schedule/rotate_by_file.js
2020-09-21 11:17:52,367 INFO 72653 [egg-schedule]: register schedule /Users/didi/GitHub/eggjs/node_modules/egg-multipart/app/schedule/clean_tmpdir.js
2020-09-21 11:17:52,367 INFO 72653 [egg-schedule]: register schedule /Users/didi/GitHub/eggjs/node_modules/egg-logrotator/app/schedule/clean_log.js
2020-09-21 11:17:52,367 INFO 72653 [egg-schedule]: register schedule /Users/didi/GitHub/eggjs/node_modules/egg-logrotator/app/schedule/rotate_by_file.js
2020-09-21 14:42:16,915 INFO 78777 [egg-schedule]: register schedule /Users/didi/GitHub/eggjs/node_modules/egg-multipart/app/schedule/clean_tmpdir.js
2020-09-21 14:42:16,915 INFO 78777 [egg-schedule]: register schedule /Users/didi/GitHub/eggjs/node_modules/egg-logrotator/app/schedule/clean_log.js
2020-09-21 14:42:16,915 INFO 78777 [egg-schedule]: register schedule /Users/didi/GitHub/eggjs/node_modules/egg-logrotator/app/schedule/rotate_by_file.js
2020-09-21 15:52:55,543 INFO 80955 [egg-schedule]: register schedule /Users/didi/GitHub/eggjs/node_modules/egg-multipart/app/schedule/clean_tmpdir.js
2020-09-21 15:52:55,543 INFO 80955 [egg-schedule]: register schedule /Users/didi/GitHub/eggjs/node_modules/egg-logrotator/app/schedule/clean_log.js
2020-09-21 15:52:55,543 INFO 80955 [egg-schedule]: register schedule /Users/didi/GitHub/eggjs/node_modules/egg-logrotator/app/schedule/rotate_by_file.js
2020-09-21 15:53:07,754 INFO 80971 [Timer] /Users/didi/GitHub/eggjs/node_modules/egg-multipart/app/schedule/clean_tmpdir.js next time will execute after 45412250ms at 2020-09-22 04:30:00.004
2020-09-21 15:53:07,754 INFO 80971 [Timer] /Users/didi/GitHub/eggjs/node_modules/egg-logrotator/app/schedule/clean_log.js next time will execute after 29212246ms at 2020-09-22 00:00:00.000
2020-09-21 15:53:07,754 INFO 80971 [Timer] /Users/didi/GitHub/eggjs/node_modules/egg-logrotator/app/schedule/rotate_by_file.js next time will execute after 29213246ms at 2020-09-22 00:00:01.000
2020-09-21 15:53:07,603 INFO 80972 [egg-schedule]: register schedule /Users/didi/GitHub/eggjs/node_modules/egg-multipart/app/schedule/clean_tmpdir.js
2020-09-21 15:53:07,603 INFO 80972 [egg-schedule]: register schedule /Users/didi/GitHub/eggjs/node_modules/egg-logrotator/app/schedule/clean_log.js
2020-09-21 15:53:07,603 INFO 80972 [egg-schedule]: register schedule /Users/didi/GitHub/eggjs/node_modules/egg-logrotator/app/schedule/rotate_by_file.js
2020-09-21 15:54:32,303 INFO 81068 [egg-schedule]: register schedule /Users/didi/GitHub/eggjs/node_modules/egg-multipart/app/schedule/clean_tmpdir.js
2020-09-21 15:54:32,303 INFO 81068 [egg-schedule]: register schedule /Users/didi/GitHub/eggjs/node_modules/egg-logrotator/app/schedule/clean_log.js
2020-09-21 15:54:32,303 INFO 81068 [egg-schedule]: register schedule /Users/didi/GitHub/eggjs/node_modules/egg-logrotator/app/schedule/rotate_by_file.js
2020-09-21 15:54:32,314 INFO 81069 [egg-schedule]: register schedule /Users/didi/GitHub/eggjs/node_modules/egg-multipart/app/schedule/clean_tmpdir.js
2020-09-21 15:54:32,314 INFO 81069 [egg-schedule]: register schedule /Users/didi/GitHub/eggjs/node_modules/egg-logrotator/app/schedule/clean_log.js
2020-09-21 15:54:32,314 INFO 81069 [egg-schedule]: register schedule /Users/didi/GitHub/eggjs/node_modules/egg-logrotator/app/schedule/rotate_by_file.js
2020-09-21 15:54:33,054 INFO 81072 [egg-schedule]: register schedule /Users/didi/GitHub/eggjs/node_modules/egg-multipart/app/schedule/clean_tmpdir.js
2020-09-21 15:54:33,054 INFO 81072 [egg-schedule]: register schedule /Users/didi/GitHub/eggjs/node_modules/egg-logrotator/app/schedule/clean_log.js
2020-09-21 15:54:33,054 INFO 81072 [egg-schedule]: register schedule /Users/didi/GitHub/eggjs/node_modules/egg-logrotator/app/schedule/rotate_by_file.js
2020-09-21 15:54:33,229 INFO 81071 [egg-schedule]: register schedule /Users/didi/GitHub/eggjs/node_modules/egg-multipart/app/schedule/clean_tmpdir.js
2020-09-21 15:54:33,229 INFO 81071 [egg-schedule]: register schedule /Users/didi/GitHub/eggjs/node_modules/egg-logrotator/app/schedule/clean_log.js
2020-09-21 15:54:33,229 INFO 81071 [egg-schedule]: register schedule /Users/didi/GitHub/eggjs/node_modules/egg-logrotator/app/schedule/rotate_by_file.js
2020-09-21 15:54:40,788 INFO 81084 [egg-schedule]: register schedule /Users/didi/GitHub/eggjs/node_modules/egg-multipart/app/schedule/clean_tmpdir.js
2020-09-21 15:54:40,788 INFO 81084 [egg-schedule]: register schedule /Users/didi/GitHub/eggjs/node_modules/egg-logrotator/app/schedule/clean_log.js
2020-09-21 15:54:40,788 INFO 81084 [egg-schedule]: register schedule /Users/didi/GitHub/eggjs/node_modules/egg-logrotator/app/schedule/rotate_by_file.js
2020-09-21 15:54:40,926 INFO 81083 [egg-schedule]: register schedule /Users/didi/GitHub/eggjs/node_modules/egg-multipart/app/schedule/clean_tmpdir.js
2020-09-21 15:54:40,926 INFO 81083 [egg-schedule]: register schedule /Users/didi/GitHub/eggjs/node_modules/egg-logrotator/app/schedule/clean_log.js
2020-09-21 15:54:40,927 INFO 81083 [egg-schedule]: register schedule /Users/didi/GitHub/eggjs/node_modules/egg-logrotator/app/schedule/rotate_by_file.js
2020-09-21 15:54:46,890 INFO 81092 [egg-schedule]: register schedule /Users/didi/GitHub/eggjs/node_modules/egg-multipart/app/schedule/clean_tmpdir.js
2020-09-21 15:54:46,890 INFO 81092 [egg-schedule]: register schedule /Users/didi/GitHub/eggjs/node_modules/egg-logrotator/app/schedule/clean_log.js
2020-09-21 15:54:46,890 INFO 81092 [egg-schedule]: register schedule /Users/didi/GitHub/eggjs/node_modules/egg-logrotator/app/schedule/rotate_by_file.js
2020-09-21 15:54:47,049 INFO 81091 [egg-schedule]: register schedule /Users/didi/GitHub/eggjs/node_modules/egg-multipart/app/schedule/clean_tmpdir.js
2020-09-21 15:54:47,049 INFO 81091 [egg-schedule]: register schedule /Users/didi/GitHub/eggjs/node_modules/egg-logrotator/app/schedule/clean_log.js
2020-09-21 15:54:47,049 INFO 81091 [egg-schedule]: register schedule /Users/didi/GitHub/eggjs/node_modules/egg-logrotator/app/schedule/rotate_by_file.js
2020-09-21 15:55:07,858 INFO 81114 [egg-schedule]: register schedule /Users/didi/GitHub/eggjs/node_modules/egg-multipart/app/schedule/clean_tmpdir.js
2020-09-21 15:55:07,858 INFO 81114 [egg-schedule]: register schedule /Users/didi/GitHub/eggjs/node_modules/egg-logrotator/app/schedule/clean_log.js
2020-09-21 15:55:07,858 INFO 81114 [egg-schedule]: register schedule /Users/didi/GitHub/eggjs/node_modules/egg-logrotator/app/schedule/rotate_by_file.js
2020-09-21 15:55:07,885 INFO 81113 [egg-schedule]: register schedule /Users/didi/GitHub/eggjs/node_modules/egg-multipart/app/schedule/clean_tmpdir.js
2020-09-21 15:55:07,886 INFO 81113 [egg-schedule]: register schedule /Users/didi/GitHub/eggjs/node_modules/egg-logrotator/app/schedule/clean_log.js
2020-09-21 15:55:07,886 INFO 81113 [egg-schedule]: register schedule /Users/didi/GitHub/eggjs/node_modules/egg-logrotator/app/schedule/rotate_by_file.js
2020-09-21 15:55:14,197 INFO 81122 [egg-schedule]: register schedule /Users/didi/GitHub/eggjs/node_modules/egg-multipart/app/schedule/clean_tmpdir.js
2020-09-21 15:55:14,197 INFO 81122 [egg-schedule]: register schedule /Users/didi/GitHub/eggjs/node_modules/egg-logrotator/app/schedule/clean_log.js
2020-09-21 15:55:14,197 INFO 81122 [egg-schedule]: register schedule /Users/didi/GitHub/eggjs/node_modules/egg-logrotator/app/schedule/rotate_by_file.js
2020-09-21 15:55:14,338 INFO 81121 [egg-schedule]: register schedule /Users/didi/GitHub/eggjs/node_modules/egg-multipart/app/schedule/clean_tmpdir.js
2020-09-21 15:55:14,338 INFO 81121 [egg-schedule]: register schedule /Users/didi/GitHub/eggjs/node_modules/egg-logrotator/app/schedule/clean_log.js
2020-09-21 15:55:14,338 INFO 81121 [egg-schedule]: register schedule /Users/didi/GitHub/eggjs/node_modules/egg-logrotator/app/schedule/rotate_by_file.js
2020-09-21 15:55:24,942 INFO 81137 [egg-schedule]: register schedule /Users/didi/GitHub/eggjs/node_modules/egg-multipart/app/schedule/clean_tmpdir.js
2020-09-21 15:55:24,942 INFO 81137 [egg-schedule]: register schedule /Users/didi/GitHub/eggjs/node_modules/egg-logrotator/app/schedule/clean_log.js
2020-09-21 15:55:24,942 INFO 81137 [egg-schedule]: register schedule /Users/didi/GitHub/eggjs/node_modules/egg-logrotator/app/schedule/rotate_by_file.js
2020-09-21 15:55:25,172 INFO 81136 [egg-schedule]: register schedule /Users/didi/GitHub/eggjs/node_modules/egg-multipart/app/schedule/clean_tmpdir.js
2020-09-21 15:55:25,172 INFO 81136 [egg-schedule]: register schedule /Users/didi/GitHub/eggjs/node_modules/egg-logrotator/app/schedule/clean_log.js
2020-09-21 15:55:25,172 INFO 81136 [egg-schedule]: register schedule /Users/didi/GitHub/eggjs/node_modules/egg-logrotator/app/schedule/rotate_by_file.js
2020-09-21 15:56:26,996 INFO 81216 [egg-schedule]: register schedule /Users/didi/GitHub/eggjs/node_modules/egg-multipart/app/schedule/clean_tmpdir.js
2020-09-21 15:56:26,996 INFO 81216 [egg-schedule]: register schedule /Users/didi/GitHub/eggjs/node_modules/egg-logrotator/app/schedule/clean_log.js
2020-09-21 15:56:26,996 INFO 81216 [egg-schedule]: register schedule /Users/didi/GitHub/eggjs/node_modules/egg-logrotator/app/schedule/rotate_by_file.js
2020-09-21 15:56:27,001 INFO 81217 [egg-schedule]: register schedule /Users/didi/GitHub/eggjs/node_modules/egg-multipart/app/schedule/clean_tmpdir.js
2020-09-21 15:56:27,001 INFO 81217 [egg-schedule]: register schedule /Users/didi/GitHub/eggjs/node_modules/egg-logrotator/app/schedule/clean_log.js
2020-09-21 15:56:27,001 INFO 81217 [egg-schedule]: register schedule /Users/didi/GitHub/eggjs/node_modules/egg-logrotator/app/schedule/rotate_by_file.js
2020-09-21 15:59:56,011 INFO 81417 [egg-schedule]: register schedule /Users/didi/GitHub/eggjs/node_modules/egg-multipart/app/schedule/clean_tmpdir.js
2020-09-21 15:59:56,011 INFO 81417 [egg-schedule]: register schedule /Users/didi/GitHub/eggjs/node_modules/egg-logrotator/app/schedule/clean_log.js
2020-09-21 15:59:56,011 INFO 81417 [egg-schedule]: register schedule /Users/didi/GitHub/eggjs/node_modules/egg-logrotator/app/schedule/rotate_by_file.js
2020-09-21 15:59:56,014 INFO 81418 [egg-schedule]: register schedule /Users/didi/GitHub/eggjs/node_modules/egg-multipart/app/schedule/clean_tmpdir.js
2020-09-21 15:59:56,015 INFO 81418 [egg-schedule]: register schedule /Users/didi/GitHub/eggjs/node_modules/egg-logrotator/app/schedule/clean_log.js
2020-09-21 15:59:56,015 INFO 81418 [egg-schedule]: register schedule /Users/didi/GitHub/eggjs/node_modules/egg-logrotator/app/schedule/rotate_by_file.js
2020-09-21 15:59:56,650 INFO 81420 [egg-schedule]: register schedule /Users/didi/GitHub/eggjs/node_modules/egg-multipart/app/schedule/clean_tmpdir.js
2020-09-21 15:59:56,650 INFO 81420 [egg-schedule]: register schedule /Users/didi/GitHub/eggjs/node_modules/egg-logrotator/app/schedule/clean_log.js
2020-09-21 15:59:56,650 INFO 81420 [egg-schedule]: register schedule /Users/didi/GitHub/eggjs/node_modules/egg-logrotator/app/schedule/rotate_by_file.js
2020-09-21 15:59:56,756 INFO 81421 [egg-schedule]: register schedule /Users/didi/GitHub/eggjs/node_modules/egg-multipart/app/schedule/clean_tmpdir.js
2020-09-21 15:59:56,756 INFO 81421 [egg-schedule]: register schedule /Users/didi/GitHub/eggjs/node_modules/egg-logrotator/app/schedule/clean_log.js
2020-09-21 15:59:56,756 INFO 81421 [egg-schedule]: register schedule /Users/didi/GitHub/eggjs/node_modules/egg-logrotator/app/schedule/rotate_by_file.js
2020-09-21 16:00:42,150 INFO 81484 [egg-schedule]: register schedule /Users/didi/GitHub/eggjs/node_modules/egg-multipart/app/schedule/clean_tmpdir.js
2020-09-21 16:00:42,150 INFO 81484 [egg-schedule]: register schedule /Users/didi/GitHub/eggjs/node_modules/egg-logrotator/app/schedule/clean_log.js
2020-09-21 16:00:42,150 INFO 81484 [egg-schedule]: register schedule /Users/didi/GitHub/eggjs/node_modules/egg-logrotator/app/schedule/rotate_by_file.js
2020-09-21 16:00:42,167 INFO 81483 [egg-schedule]: register schedule /Users/didi/GitHub/eggjs/node_modules/egg-multipart/app/schedule/clean_tmpdir.js
2020-09-21 16:00:42,167 INFO 81483 [egg-schedule]: register schedule /Users/didi/GitHub/eggjs/node_modules/egg-logrotator/app/schedule/clean_log.js
2020-09-21 16:00:42,167 INFO 81483 [egg-schedule]: register schedule /Users/didi/GitHub/eggjs/node_modules/egg-logrotator/app/schedule/rotate_by_file.js
2020-09-21 16:00:48,644 INFO 81491 [egg-schedule]: register schedule /Users/didi/GitHub/eggjs/node_modules/egg-multipart/app/schedule/clean_tmpdir.js
2020-09-21 16:00:48,644 INFO 81491 [egg-schedule]: register schedule /Users/didi/GitHub/eggjs/node_modules/egg-logrotator/app/schedule/clean_log.js
2020-09-21 16:00:48,644 INFO 81491 [egg-schedule]: register schedule /Users/didi/GitHub/eggjs/node_modules/egg-logrotator/app/schedule/rotate_by_file.js
2020-09-21 16:00:48,786 INFO 81492 [egg-schedule]: register schedule /Users/didi/GitHub/eggjs/node_modules/egg-multipart/app/schedule/clean_tmpdir.js
2020-09-21 16:00:48,786 INFO 81492 [egg-schedule]: register schedule /Users/didi/GitHub/eggjs/node_modules/egg-logrotator/app/schedule/clean_log.js
2020-09-21 16:00:48,786 INFO 81492 [egg-schedule]: register schedule /Users/didi/GitHub/eggjs/node_modules/egg-logrotator/app/schedule/rotate_by_file.js
2020-09-21 16:01:09,014 INFO 81522 [egg-schedule]: register schedule /Users/didi/GitHub/eggjs/node_modules/egg-multipart/app/schedule/clean_tmpdir.js
2020-09-21 16:01:09,014 INFO 81522 [egg-schedule]: register schedule /Users/didi/GitHub/eggjs/node_modules/egg-logrotator/app/schedule/clean_log.js
2020-09-21 16:01:09,014 INFO 81522 [egg-schedule]: register schedule /Users/didi/GitHub/eggjs/node_modules/egg-logrotator/app/schedule/rotate_by_file.js
2020-09-21 16:01:09,158 INFO 81521 [egg-schedule]: register schedule /Users/didi/GitHub/eggjs/node_modules/egg-multipart/app/schedule/clean_tmpdir.js
2020-09-21 16:01:09,158 INFO 81521 [egg-schedule]: register schedule /Users/didi/GitHub/eggjs/node_modules/egg-logrotator/app/schedule/clean_log.js
2020-09-21 16:01:09,158 INFO 81521 [egg-schedule]: register schedule /Users/didi/GitHub/eggjs/node_modules/egg-logrotator/app/schedule/rotate_by_file.js
2020-09-21 16:01:10,071 INFO 81525 [egg-schedule]: register schedule /Users/didi/GitHub/eggjs/node_modules/egg-multipart/app/schedule/clean_tmpdir.js
2020-09-21 16:01:10,071 INFO 81525 [egg-schedule]: register schedule /Users/didi/GitHub/eggjs/node_modules/egg-logrotator/app/schedule/clean_log.js
2020-09-21 16:01:10,071 INFO 81525 [egg-schedule]: register schedule /Users/didi/GitHub/eggjs/node_modules/egg-logrotator/app/schedule/rotate_by_file.js
2020-09-21 16:01:10,296 INFO 81524 [egg-schedule]: register schedule /Users/didi/GitHub/eggjs/node_modules/egg-multipart/app/schedule/clean_tmpdir.js
2020-09-21 16:01:10,296 INFO 81524 [egg-schedule]: register schedule /Users/didi/GitHub/eggjs/node_modules/egg-logrotator/app/schedule/clean_log.js
2020-09-21 16:01:10,296 INFO 81524 [egg-schedule]: register schedule /Users/didi/GitHub/eggjs/node_modules/egg-logrotator/app/schedule/rotate_by_file.js
2020-09-21 16:01:16,870 INFO 81539 [egg-schedule]: register schedule /Users/didi/GitHub/eggjs/node_modules/egg-multipart/app/schedule/clean_tmpdir.js
2020-09-21 16:01:16,870 INFO 81539 [egg-schedule]: register schedule /Users/didi/GitHub/eggjs/node_modules/egg-logrotator/app/schedule/clean_log.js
2020-09-21 16:01:16,870 INFO 81539 [egg-schedule]: register schedule /Users/didi/GitHub/eggjs/node_modules/egg-logrotator/app/schedule/rotate_by_file.js
2020-09-21 16:01:16,979 INFO 81538 [egg-schedule]: register schedule /Users/didi/GitHub/eggjs/node_modules/egg-multipart/app/schedule/clean_tmpdir.js
2020-09-21 16:01:16,979 INFO 81538 [egg-schedule]: register schedule /Users/didi/GitHub/eggjs/node_modules/egg-logrotator/app/schedule/clean_log.js
2020-09-21 16:01:16,979 INFO 81538 [egg-schedule]: register schedule /Users/didi/GitHub/eggjs/node_modules/egg-logrotator/app/schedule/rotate_by_file.js
2020-09-21 16:03:36,136 INFO 81683 [egg-schedule]: register schedule /Users/didi/GitHub/eggjs/node_modules/egg-multipart/app/schedule/clean_tmpdir.js
2020-09-21 16:03:36,136 INFO 81683 [egg-schedule]: register schedule /Users/didi/GitHub/eggjs/node_modules/egg-logrotator/app/schedule/clean_log.js
2020-09-21 16:03:36,136 INFO 81683 [egg-schedule]: register schedule /Users/didi/GitHub/eggjs/node_modules/egg-logrotator/app/schedule/rotate_by_file.js
2020-09-21 16:03:36,141 INFO 81682 [egg-schedule]: register schedule /Users/didi/GitHub/eggjs/node_modules/egg-multipart/app/schedule/clean_tmpdir.js
2020-09-21 16:03:36,141 INFO 81682 [egg-schedule]: register schedule /Users/didi/GitHub/eggjs/node_modules/egg-logrotator/app/schedule/clean_log.js
2020-09-21 16:03:36,141 INFO 81682 [egg-schedule]: register schedule /Users/didi/GitHub/eggjs/node_modules/egg-logrotator/app/schedule/rotate_by_file.js
2020-09-21 16:05:13,076 INFO 81780 [egg-schedule]: register schedule /Users/didi/GitHub/eggjs/node_modules/egg-multipart/app/schedule/clean_tmpdir.js
2020-09-21 16:05:13,076 INFO 81780 [egg-schedule]: register schedule /Users/didi/GitHub/eggjs/node_modules/egg-logrotator/app/schedule/clean_log.js
2020-09-21 16:05:13,076 INFO 81780 [egg-schedule]: register schedule /Users/didi/GitHub/eggjs/node_modules/egg-logrotator/app/schedule/rotate_by_file.js
2020-09-21 16:05:13,082 INFO 81781 [egg-schedule]: register schedule /Users/didi/GitHub/eggjs/node_modules/egg-multipart/app/schedule/clean_tmpdir.js
2020-09-21 16:05:13,083 INFO 81781 [egg-schedule]: register schedule /Users/didi/GitHub/eggjs/node_modules/egg-logrotator/app/schedule/clean_log.js
2020-09-21 16:05:13,083 INFO 81781 [egg-schedule]: register schedule /Users/didi/GitHub/eggjs/node_modules/egg-logrotator/app/schedule/rotate_by_file.js
2020-09-21 16:05:59,580 INFO 81830 [egg-schedule]: register schedule /Users/didi/GitHub/eggjs/node_modules/egg-multipart/app/schedule/clean_tmpdir.js
2020-09-21 16:05:59,580 INFO 81830 [egg-schedule]: register schedule /Users/didi/GitHub/eggjs/node_modules/egg-logrotator/app/schedule/clean_log.js
2020-09-21 16:05:59,580 INFO 81830 [egg-schedule]: register schedule /Users/didi/GitHub/eggjs/node_modules/egg-logrotator/app/schedule/rotate_by_file.js
2020-09-21 16:05:59,584 INFO 81829 [egg-schedule]: register schedule /Users/didi/GitHub/eggjs/node_modules/egg-multipart/app/schedule/clean_tmpdir.js
2020-09-21 16:05:59,584 INFO 81829 [egg-schedule]: register schedule /Users/didi/GitHub/eggjs/node_modules/egg-logrotator/app/schedule/clean_log.js
2020-09-21 16:05:59,584 INFO 81829 [egg-schedule]: register schedule /Users/didi/GitHub/eggjs/node_modules/egg-logrotator/app/schedule/rotate_by_file.js
2020-09-21 16:07:11,735 INFO 81912 [egg-schedule]: register schedule /Users/didi/GitHub/eggjs/node_modules/egg-multipart/app/schedule/clean_tmpdir.js
2020-09-21 16:07:11,735 INFO 81912 [egg-schedule]: register schedule /Users/didi/GitHub/eggjs/node_modules/egg-logrotator/app/schedule/clean_log.js
2020-09-21 16:07:11,735 INFO 81912 [egg-schedule]: register schedule /Users/didi/GitHub/eggjs/node_modules/egg-logrotator/app/schedule/rotate_by_file.js
2020-09-21 16:08:00,475 INFO 81962 [egg-schedule]: register schedule /Users/didi/GitHub/eggjs/node_modules/egg-multipart/app/schedule/clean_tmpdir.js
2020-09-21 16:08:00,475 INFO 81962 [egg-schedule]: register schedule /Users/didi/GitHub/eggjs/node_modules/egg-logrotator/app/schedule/clean_log.js
2020-09-21 16:08:00,475 INFO 81962 [egg-schedule]: register schedule /Users/didi/GitHub/eggjs/node_modules/egg-logrotator/app/schedule/rotate_by_file.js
2020-09-21 16:08:01,118 INFO 81964 [egg-schedule]: register schedule /Users/didi/GitHub/eggjs/node_modules/egg-multipart/app/schedule/clean_tmpdir.js
2020-09-21 16:08:01,118 INFO 81964 [egg-schedule]: register schedule /Users/didi/GitHub/eggjs/node_modules/egg-logrotator/app/schedule/clean_log.js
2020-09-21 16:08:01,118 INFO 81964 [egg-schedule]: register schedule /Users/didi/GitHub/eggjs/node_modules/egg-logrotator/app/schedule/rotate_by_file.js
2020-09-21 16:10:17,781 INFO 82113 [egg-schedule]: register schedule /Users/didi/GitHub/eggjs/node_modules/egg-multipart/app/schedule/clean_tmpdir.js
2020-09-21 16:10:17,781 INFO 82113 [egg-schedule]: register schedule /Users/didi/GitHub/eggjs/node_modules/egg-logrotator/app/schedule/clean_log.js
2020-09-21 16:10:17,781 INFO 82113 [egg-schedule]: register schedule /Users/didi/GitHub/eggjs/node_modules/egg-logrotator/app/schedule/rotate_by_file.js
2020-09-21 16:12:15,679 INFO 82259 [egg-schedule]: register schedule /Users/didi/GitHub/eggjs/node_modules/egg-multipart/app/schedule/clean_tmpdir.js
2020-09-21 16:12:15,679 INFO 82259 [egg-schedule]: register schedule /Users/didi/GitHub/eggjs/node_modules/egg-logrotator/app/schedule/clean_log.js
2020-09-21 16:12:15,679 INFO 82259 [egg-schedule]: register schedule /Users/didi/GitHub/eggjs/node_modules/egg-logrotator/app/schedule/rotate_by_file.js
2020-09-21 16:13:18,994 INFO 82320 [egg-schedule]: register schedule /Users/didi/GitHub/eggjs/node_modules/egg-multipart/app/schedule/clean_tmpdir.js
2020-09-21 16:13:18,994 INFO 82320 [egg-schedule]: register schedule /Users/didi/GitHub/eggjs/node_modules/egg-logrotator/app/schedule/clean_log.js
2020-09-21 16:13:18,994 INFO 82320 [egg-schedule]: register schedule /Users/didi/GitHub/eggjs/node_modules/egg-logrotator/app/schedule/rotate_by_file.js
2020-09-21 16:13:31,861 INFO 82336 [egg-schedule]: register schedule /Users/didi/GitHub/eggjs/node_modules/egg-multipart/app/schedule/clean_tmpdir.js
2020-09-21 16:13:31,861 INFO 82336 [egg-schedule]: register schedule /Users/didi/GitHub/eggjs/node_modules/egg-logrotator/app/schedule/clean_log.js
2020-09-21 16:13:31,861 INFO 82336 [egg-schedule]: register schedule /Users/didi/GitHub/eggjs/node_modules/egg-logrotator/app/schedule/rotate_by_file.js
2020-09-21 16:14:39,529 INFO 82410 [Timer] /Users/didi/GitHub/eggjs/node_modules/egg-multipart/app/schedule/clean_tmpdir.js next time will execute after 44120476ms at 2020-09-22 04:30:00.005
2020-09-21 16:14:39,529 INFO 82410 [Timer] /Users/didi/GitHub/eggjs/node_modules/egg-logrotator/app/schedule/clean_log.js next time will execute after 27920471ms at 2020-09-22 00:00:00.000
2020-09-21 16:14:39,530 INFO 82410 [Timer] /Users/didi/GitHub/eggjs/node_modules/egg-logrotator/app/schedule/rotate_by_file.js next time will execute after 27921471ms at 2020-09-22 00:00:01.001
2020-09-21 16:14:39,324 INFO 82412 [egg-schedule]: register schedule /Users/didi/GitHub/eggjs/node_modules/egg-multipart/app/schedule/clean_tmpdir.js
2020-09-21 16:14:39,324 INFO 82412 [egg-schedule]: register schedule /Users/didi/GitHub/eggjs/node_modules/egg-logrotator/app/schedule/clean_log.js
2020-09-21 16:14:39,324 INFO 82412 [egg-schedule]: register schedule /Users/didi/GitHub/eggjs/node_modules/egg-logrotator/app/schedule/rotate_by_file.js
2020-09-21 16:15:50,657 INFO 82482 [egg-schedule]: register schedule /Users/didi/GitHub/eggjs/node_modules/egg-multipart/app/schedule/clean_tmpdir.js
2020-09-21 16:15:50,657 INFO 82482 [egg-schedule]: register schedule /Users/didi/GitHub/eggjs/node_modules/egg-logrotator/app/schedule/clean_log.js
2020-09-21 16:15:50,657 INFO 82482 [egg-schedule]: register schedule /Users/didi/GitHub/eggjs/node_modules/egg-logrotator/app/schedule/rotate_by_file.js
2020-09-21 16:15:51,351 INFO 82484 [egg-schedule]: register schedule /Users/didi/GitHub/eggjs/node_modules/egg-multipart/app/schedule/clean_tmpdir.js
2020-09-21 16:15:51,351 INFO 82484 [egg-schedule]: register schedule /Users/didi/GitHub/eggjs/node_modules/egg-logrotator/app/schedule/clean_log.js
2020-09-21 16:15:51,351 INFO 82484 [egg-schedule]: register schedule /Users/didi/GitHub/eggjs/node_modules/egg-logrotator/app/schedule/rotate_by_file.js
2020-09-21 16:16:17,109 INFO 82513 [egg-schedule]: register schedule /Users/didi/GitHub/eggjs/node_modules/egg-multipart/app/schedule/clean_tmpdir.js
2020-09-21 16:16:17,110 INFO 82513 [egg-schedule]: register schedule /Users/didi/GitHub/eggjs/node_modules/egg-logrotator/app/schedule/clean_log.js
2020-09-21 16:16:17,110 INFO 82513 [egg-schedule]: register schedule /Users/didi/GitHub/eggjs/node_modules/egg-logrotator/app/schedule/rotate_by_file.js
2020-09-21 16:16:27,584 INFO 82526 [egg-schedule]: register schedule /Users/didi/GitHub/eggjs/node_modules/egg-multipart/app/schedule/clean_tmpdir.js
2020-09-21 16:16:27,584 INFO 82526 [egg-schedule]: register schedule /Users/didi/GitHub/eggjs/node_modules/egg-logrotator/app/schedule/clean_log.js
2020-09-21 16:16:27,584 INFO 82526 [egg-schedule]: register schedule /Users/didi/GitHub/eggjs/node_modules/egg-logrotator/app/schedule/rotate_by_file.js
2020-09-21 16:17:09,537 INFO 82566 [egg-schedule]: register schedule /Users/didi/GitHub/eggjs/node_modules/egg-multipart/app/schedule/clean_tmpdir.js
2020-09-21 16:17:09,537 INFO 82566 [egg-schedule]: register schedule /Users/didi/GitHub/eggjs/node_modules/egg-logrotator/app/schedule/clean_log.js
2020-09-21 16:17:09,537 INFO 82566 [egg-schedule]: register schedule /Users/didi/GitHub/eggjs/node_modules/egg-logrotator/app/schedule/rotate_by_file.js
2020-09-21 16:17:26,465 INFO 82585 [egg-schedule]: register schedule /Users/didi/GitHub/eggjs/node_modules/egg-multipart/app/schedule/clean_tmpdir.js
2020-09-21 16:17:26,465 INFO 82585 [egg-schedule]: register schedule /Users/didi/GitHub/eggjs/node_modules/egg-logrotator/app/schedule/clean_log.js
2020-09-21 16:17:26,465 INFO 82585 [egg-schedule]: register schedule /Users/didi/GitHub/eggjs/node_modules/egg-logrotator/app/schedule/rotate_by_file.js
2020-09-21 16:18:19,767 INFO 82638 [egg-schedule]: register schedule /Users/didi/GitHub/eggjs/node_modules/egg-multipart/app/schedule/clean_tmpdir.js
2020-09-21 16:18:19,767 INFO 82638 [egg-schedule]: register schedule /Users/didi/GitHub/eggjs/node_modules/egg-logrotator/app/schedule/clean_log.js
2020-09-21 16:18:19,767 INFO 82638 [egg-schedule]: register schedule /Users/didi/GitHub/eggjs/node_modules/egg-logrotator/app/schedule/rotate_by_file.js
2020-09-21 16:18:24,631 INFO 82644 [egg-schedule]: register schedule /Users/didi/GitHub/eggjs/node_modules/egg-multipart/app/schedule/clean_tmpdir.js
2020-09-21 16:18:24,631 INFO 82644 [egg-schedule]: register schedule /Users/didi/GitHub/eggjs/node_modules/egg-logrotator/app/schedule/clean_log.js
2020-09-21 16:18:24,631 INFO 82644 [egg-schedule]: register schedule /Users/didi/GitHub/eggjs/node_modules/egg-logrotator/app/schedule/rotate_by_file.js
2020-09-21 16:19:45,195 INFO 82726 [egg-schedule]: register schedule /Users/didi/GitHub/eggjs/node_modules/egg-multipart/app/schedule/clean_tmpdir.js
2020-09-21 16:19:45,195 INFO 82726 [egg-schedule]: register schedule /Users/didi/GitHub/eggjs/node_modules/egg-logrotator/app/schedule/clean_log.js
2020-09-21 16:19:45,195 INFO 82726 [egg-schedule]: register schedule /Users/didi/GitHub/eggjs/node_modules/egg-logrotator/app/schedule/rotate_by_file.js
2020-09-21 16:21:12,648 INFO 82819 [egg-schedule]: register schedule /Users/didi/GitHub/eggjs/node_modules/egg-multipart/app/schedule/clean_tmpdir.js
2020-09-21 16:21:12,648 INFO 82819 [egg-schedule]: register schedule /Users/didi/GitHub/eggjs/node_modules/egg-logrotator/app/schedule/clean_log.js
2020-09-21 16:21:12,648 INFO 82819 [egg-schedule]: register schedule /Users/didi/GitHub/eggjs/node_modules/egg-logrotator/app/schedule/rotate_by_file.js
2020-09-21 16:25:45,840 INFO 83107 [egg-schedule]: register schedule /Users/didi/GitHub/eggjs/node_modules/egg-multipart/app/schedule/clean_tmpdir.js
2020-09-21 16:25:45,840 INFO 83107 [egg-schedule]: register schedule /Users/didi/GitHub/eggjs/node_modules/egg-logrotator/app/schedule/clean_log.js
2020-09-21 16:25:45,840 INFO 83107 [egg-schedule]: register schedule /Users/didi/GitHub/eggjs/node_modules/egg-logrotator/app/schedule/rotate_by_file.js
2020-09-21 16:26:30,752 INFO 83157 [egg-schedule]: register schedule /Users/didi/GitHub/eggjs/node_modules/egg-multipart/app/schedule/clean_tmpdir.js
2020-09-21 16:26:30,752 INFO 83157 [egg-schedule]: register schedule /Users/didi/GitHub/eggjs/node_modules/egg-logrotator/app/schedule/clean_log.js
2020-09-21 16:26:30,752 INFO 83157 [egg-schedule]: register schedule /Users/didi/GitHub/eggjs/node_modules/egg-logrotator/app/schedule/rotate_by_file.js
2020-09-21 16:28:00,713 INFO 83253 [egg-schedule]: register schedule /Users/didi/GitHub/eggjs/node_modules/egg-multipart/app/schedule/clean_tmpdir.js
2020-09-21 16:28:00,713 INFO 83253 [egg-schedule]: register schedule /Users/didi/GitHub/eggjs/node_modules/egg-logrotator/app/schedule/clean_log.js
2020-09-21 16:28:00,713 INFO 83253 [egg-schedule]: register schedule /Users/didi/GitHub/eggjs/node_modules/egg-logrotator/app/schedule/rotate_by_file.js
2020-09-21 16:28:11,515 INFO 83269 [egg-schedule]: register schedule /Users/didi/GitHub/eggjs/node_modules/egg-multipart/app/schedule/clean_tmpdir.js
2020-09-21 16:28:11,515 INFO 83269 [egg-schedule]: register schedule /Users/didi/GitHub/eggjs/node_modules/egg-logrotator/app/schedule/clean_log.js
2020-09-21 16:28:11,515 INFO 83269 [egg-schedule]: register schedule /Users/didi/GitHub/eggjs/node_modules/egg-logrotator/app/schedule/rotate_by_file.js
2020-09-21 16:28:36,216 INFO 83296 [egg-schedule]: register schedule /Users/didi/GitHub/eggjs/node_modules/egg-multipart/app/schedule/clean_tmpdir.js
2020-09-21 16:28:36,216 INFO 83296 [egg-schedule]: register schedule /Users/didi/GitHub/eggjs/node_modules/egg-logrotator/app/schedule/clean_log.js
2020-09-21 16:28:36,216 INFO 83296 [egg-schedule]: register schedule /Users/didi/GitHub/eggjs/node_modules/egg-logrotator/app/schedule/rotate_by_file.js
2020-09-21 16:29:58,933 INFO 83384 [egg-schedule]: register schedule /Users/didi/GitHub/eggjs/node_modules/egg-multipart/app/schedule/clean_tmpdir.js
2020-09-21 16:29:58,933 INFO 83384 [egg-schedule]: register schedule /Users/didi/GitHub/eggjs/node_modules/egg-logrotator/app/schedule/clean_log.js
2020-09-21 16:29:58,933 INFO 83384 [egg-schedule]: register schedule /Users/didi/GitHub/eggjs/node_modules/egg-logrotator/app/schedule/rotate_by_file.js
2020-09-21 16:33:08,442 INFO 83569 [egg-schedule]: register schedule /Users/didi/GitHub/eggjs/node_modules/egg-multipart/app/schedule/clean_tmpdir.js
2020-09-21 16:33:08,442 INFO 83569 [egg-schedule]: register schedule /Users/didi/GitHub/eggjs/node_modules/egg-logrotator/app/schedule/clean_log.js
2020-09-21 16:33:08,442 INFO 83569 [egg-schedule]: register schedule /Users/didi/GitHub/eggjs/node_modules/egg-logrotator/app/schedule/rotate_by_file.js
2020-09-21 16:33:09,074 INFO 83570 [egg-schedule]: register schedule /Users/didi/GitHub/eggjs/node_modules/egg-multipart/app/schedule/clean_tmpdir.js
2020-09-21 16:33:09,074 INFO 83570 [egg-schedule]: register schedule /Users/didi/GitHub/eggjs/node_modules/egg-logrotator/app/schedule/clean_log.js
2020-09-21 16:33:09,074 INFO 83570 [egg-schedule]: register schedule /Users/didi/GitHub/eggjs/node_modules/egg-logrotator/app/schedule/rotate_by_file.js
2020-09-21 16:33:49,618 INFO 83616 [egg-schedule]: register schedule /Users/didi/GitHub/eggjs/node_modules/egg-multipart/app/schedule/clean_tmpdir.js
2020-09-21 16:33:49,618 INFO 83616 [egg-schedule]: register schedule /Users/didi/GitHub/eggjs/node_modules/egg-logrotator/app/schedule/clean_log.js
2020-09-21 16:33:49,618 INFO 83616 [egg-schedule]: register schedule /Users/didi/GitHub/eggjs/node_modules/egg-logrotator/app/schedule/rotate_by_file.js
2020-09-21 16:34:19,225 INFO 83653 [egg-schedule]: register schedule /Users/didi/GitHub/eggjs/node_modules/egg-multipart/app/schedule/clean_tmpdir.js
2020-09-21 16:34:19,225 INFO 83653 [egg-schedule]: register schedule /Users/didi/GitHub/eggjs/node_modules/egg-logrotator/app/schedule/clean_log.js
2020-09-21 16:34:19,225 INFO 83653 [egg-schedule]: register schedule /Users/didi/GitHub/eggjs/node_modules/egg-logrotator/app/schedule/rotate_by_file.js
2020-09-21 16:35:03,743 INFO 83700 [egg-schedule]: register schedule /Users/didi/GitHub/eggjs/node_modules/egg-multipart/app/schedule/clean_tmpdir.js
2020-09-21 16:35:03,743 INFO 83700 [egg-schedule]: register schedule /Users/didi/GitHub/eggjs/node_modules/egg-logrotator/app/schedule/clean_log.js
2020-09-21 16:35:03,743 INFO 83700 [egg-schedule]: register schedule /Users/didi/GitHub/eggjs/node_modules/egg-logrotator/app/schedule/rotate_by_file.js
2020-09-21 16:35:11,476 INFO 83714 [Timer] /Users/didi/GitHub/eggjs/node_modules/egg-multipart/app/schedule/clean_tmpdir.js next time will execute after 42888525ms at 2020-09-22 04:30:00.001
2020-09-21 16:35:11,477 INFO 83714 [Timer] /Users/didi/GitHub/eggjs/node_modules/egg-logrotator/app/schedule/clean_log.js next time will execute after 26688523ms at 2020-09-22 00:00:00.000
2020-09-21 16:35:11,477 INFO 83714 [Timer] /Users/didi/GitHub/eggjs/node_modules/egg-logrotator/app/schedule/rotate_by_file.js next time will execute after 26689523ms at 2020-09-22 00:00:01.000
2020-09-21 16:35:11,342 INFO 83715 [egg-schedule]: register schedule /Users/didi/GitHub/eggjs/node_modules/egg-multipart/app/schedule/clean_tmpdir.js
2020-09-21 16:35:11,342 INFO 83715 [egg-schedule]: register schedule /Users/didi/GitHub/eggjs/node_modules/egg-logrotator/app/schedule/clean_log.js
2020-09-21 16:35:11,342 INFO 83715 [egg-schedule]: register schedule /Users/didi/GitHub/eggjs/node_modules/egg-logrotator/app/schedule/rotate_by_file.js
2020-09-21 16:37:05,045 INFO 83830 [egg-schedule]: register schedule /Users/didi/GitHub/eggjs/node_modules/egg-multipart/app/schedule/clean_tmpdir.js
2020-09-21 16:37:05,045 INFO 83830 [egg-schedule]: register schedule /Users/didi/GitHub/eggjs/node_modules/egg-logrotator/app/schedule/clean_log.js
2020-09-21 16:37:05,045 INFO 83830 [egg-schedule]: register schedule /Users/didi/GitHub/eggjs/node_modules/egg-logrotator/app/schedule/rotate_by_file.js
2020-09-21 16:38:48,685 INFO 83930 [egg-schedule]: register schedule /Users/didi/GitHub/eggjs/node_modules/egg-multipart/app/schedule/clean_tmpdir.js
2020-09-21 16:38:48,685 INFO 83930 [egg-schedule]: register schedule /Users/didi/GitHub/eggjs/node_modules/egg-logrotator/app/schedule/clean_log.js
2020-09-21 16:38:48,685 INFO 83930 [egg-schedule]: register schedule /Users/didi/GitHub/eggjs/node_modules/egg-logrotator/app/schedule/rotate_by_file.js
